<?xml version="1.0" encoding="UTF-8"?>
<!-- Generated by org.testng.reporters.JUnitReportReporter -->
<testsuite hostname="DESKTOP-4O0NNAF" failures="0" tests="1" name="labMagento.creatAcount" time="4.515" errors="0" timestamp="2023-10-03T21:17:51 EET" skipped="0">
  <testcase classname="labMagento.creatAcount" name="mytest" time="4.515"/>
  <system-out/>
</testsuite> <!-- labMagento.creatAcount -->
